\BOOKMARK [0][-]{chapter.1}{\376\377\000I\000n\000t\000r\000o\000d\000u\000c\000e\000r\000e}{}% 1
\BOOKMARK [1][-]{section.1.1}{\376\377\000M\000o\000t\000i\000v\000a\002\033\000i\000a\000\040\000l\000u\000c\000r\001\003\000r\000i\000i}{chapter.1}% 2
\BOOKMARK [1][-]{section.1.2}{\376\377\000O\000b\000i\000e\000c\000t\000i\000v\000e\000l\000e\000\040\000p\000l\000a\000t\000f\000o\000r\000m\000e\000i}{chapter.1}% 3
\BOOKMARK [1][-]{section.1.3}{\376\377\000S\000t\000r\000u\000c\000t\000u\000r\000a\000\040\000l\000u\000c\000r\001\003\000r\000i\000i}{chapter.1}% 4
\BOOKMARK [0][-]{chapter.2}{\376\377\000P\000r\000e\000l\000i\000m\000i\000n\000a\000r\000i\000i}{}% 5
\BOOKMARK [1][-]{section.2.1}{\376\377\000P\000r\000o\000g\000r\000a\000m\000a\000r\000e\000\040\000c\000o\000m\000p\000e\000t\000i\000t\000i\000v\001\003}{chapter.2}% 6
\BOOKMARK [1][-]{section.2.2}{\376\377\000G\000a\000m\000i\000f\000i\000c\000a\000r\000e}{chapter.2}% 7
\BOOKMARK [1][-]{section.2.3}{\376\377\000T\000e\000h\000n\000o\000l\000o\000g\000i\000i\000\040\000u\000t\000i\000l\000i\000z\000a\000t\000e}{chapter.2}% 8
\BOOKMARK [2][-]{subsection.2.3.1}{\376\377\000F\000r\000o\000n\000t\000e\000n\000d}{section.2.3}% 9
\BOOKMARK [2][-]{subsection.2.3.2}{\376\377\000B\000a\000c\000k\000e\000n\000d}{section.2.3}% 10
\BOOKMARK [2][-]{subsection.2.3.3}{\376\377\000B\000a\000z\000a\000\040\000d\000e\000\040\000d\000a\000t\000e}{section.2.3}% 11
\BOOKMARK [2][-]{subsection.2.3.4}{\376\377\000J\000u\000d\000g\000e\0000}{section.2.3}% 12
\BOOKMARK [2][-]{subsection.2.3.5}{\376\377\000M\000o\000d\000e\000l\000e\000\040\000g\000e\000n\000e\000r\000a\000t\000i\000v\000e\000\040\000d\000e\000\040\000l\000i\000m\000b\000a\000j}{section.2.3}% 13
\BOOKMARK [0][-]{chapter.3}{\376\377\000A\000n\000a\000l\000i\000z\000a\000\040\002\031\000i\000\040\000p\000r\000o\000i\000e\000c\000t\000a\000r\000e\000a\000\040\000s\000i\000s\000t\000e\000m\000u\000l\000u\000i}{}% 14
\BOOKMARK [1][-]{section.3.1}{\376\377\000A\000r\000h\000i\000t\000e\000c\000t\000u\000r\000a\000\040\000d\000e\000\040\000a\000n\000s\000a\000m\000b\000l\000u}{chapter.3}% 15
\BOOKMARK [1][-]{section.3.2}{\376\377\000M\000o\000d\000e\000l\000u\000l\000\040\000c\000o\000n\000c\000e\000p\000t\000u\000a\000l\000\040\000a\000l\000\040\000d\000a\000t\000e\000l\000o\000r}{chapter.3}% 16
\BOOKMARK [0][-]{chapter.4}{\376\377\000I\000m\000p\000l\000e\000m\000e\000n\000t\000a\000r\000e\000a\000\040\000s\000i\000s\000t\000e\000m\000u\000l\000u\000i}{}% 17
\BOOKMARK [1][-]{section.4.1}{\376\377\000S\000i\000s\000t\000e\000m\000u\000l\000\040\000d\000e\000\040\000a\000u\000t\000e\000n\000t\000i\000f\000i\000c\000a\000r\000e}{chapter.4}% 18
\BOOKMARK [2][-]{subsection.4.1.1}{\376\377\000\316\000n\000r\000e\000g\000i\000s\000t\000r\000a\000r\000e\000a}{section.4.1}% 19
\BOOKMARK [2][-]{subsection.4.1.2}{\376\377\000C\000o\000n\000e\000c\000t\000a\000r\000e\000a}{section.4.1}% 20
\BOOKMARK [1][-]{section.4.2}{\376\377\000S\000i\000s\000t\000e\000m\000u\000l\000\040\000d\000e\000\040\000g\000e\000s\000t\000i\000o\000n\000a\000r\000e\000\040\000a\000\040\000p\000r\000o\000b\000l\000e\000m\000e\000l\000o\000r\000\040\000a\000l\000g\000o\000r\000i\000t\000m\000i\000c\000e}{chapter.4}% 21
\BOOKMARK [2][-]{subsection.4.2.1}{\376\377\000C\000r\000e\000a\000r\000e\000a\000\040\002\031\000i\000\040\000s\000t\000o\000c\000a\000r\000e\000a\000\040\000p\000r\000o\000b\000l\000e\000m\000e\000l\000o\000r}{section.4.2}% 22
\BOOKMARK [2][-]{subsection.4.2.2}{\376\377\000S\000i\000s\000t\000e\000m\000u\000l\000\040\000d\000e\000\040\000v\000a\000l\000i\000d\000a\000r\000e\000\040\000a\000\040\000u\000n\000e\000i\000\040\000s\000o\000l\000u\002\033\000i\000i}{section.4.2}% 23
\BOOKMARK [2][-]{subsection.4.2.3}{\376\377\000P\000u\000b\000l\000i\000c\000a\000r\000e\000a\000\040\000p\000r\000o\000b\000l\000e\000m\000e\000l\000o\000r}{section.4.2}% 24
\BOOKMARK [1][-]{section.4.3}{\376\377\000S\000i\000s\000t\000e\000m\000u\000l\000\040\000d\000e\000\040\000c\000h\000e\000s\000t\000i\000o\000n\000a\000r\000e\000\040\000g\000e\000n\000e\000r\000a\000t\000e\000\040\000a\000u\000t\000o\000m\000a\000t}{chapter.4}% 25
\BOOKMARK [2][-]{subsection.4.3.1}{\376\377\000F\000l\000u\000x\000u\000l\000\040\000d\000e\000\040\000g\000e\000n\000e\000r\000a\000r\000e\000\040\002\031\000i\000\040\000v\000a\000l\000i\000d\000a\000r\000e}{section.4.3}% 26
\BOOKMARK [2][-]{subsection.4.3.2}{\376\377\000A\000d\000m\000i\000n\000i\000s\000t\000r\000a\000r\000e\000a\000\040\000c\000h\000e\000s\000t\000i\000o\000n\000a\000r\000e\000l\000o\000r}{section.4.3}% 27
\BOOKMARK [2][-]{subsection.4.3.3}{\376\377\000S\000i\000s\000t\000e\000m\000u\000l\000\040\000d\000e\000\040\000r\000e\000c\000o\000m\000p\000e\000n\000s\000e}{section.4.3}% 28
\BOOKMARK [1][-]{section.4.4}{\376\377\000S\000i\000s\000t\000e\000m\000u\000l\000\040\000d\000e\000\040\000g\000a\000m\000i\000f\000i\000c\000a\000r\000e}{chapter.4}% 29
\BOOKMARK [2][-]{subsection.4.4.1}{\376\377\000E\000x\000p\000e\000r\000i\000e\000n\002\033\000a\000\040\002\031\000i\000\040\000r\000a\000n\000g\000u\000r\000i\000l\000e}{section.4.4}% 30
\BOOKMARK [2][-]{subsection.4.4.2}{\376\377\000M\000o\000n\000e\000d\000e\000l\000e\000\040\000v\000i\000r\000t\000u\000a\000l\000e}{section.4.4}% 31
\BOOKMARK [2][-]{subsection.4.4.3}{\376\377\000C\000l\000a\000s\000a\000m\000e\000n\000t\000u\000l}{section.4.4}% 32
\BOOKMARK [1][-]{section.4.5}{\376\377\000S\000i\000s\000t\000e\000m\000u\000l\000\040\000d\000e\000\040\000s\000e\000r\000i\000i}{chapter.4}% 33
\BOOKMARK [2][-]{subsection.4.5.1}{\376\377\000S\000e\000r\000i\000a\000\040\000i\000n\000d\000i\000v\000i\000d\000u\000a\000l\001\003\000\040\000\050\000p\000r\000o\000b\000l\000e\000m\000a\000\040\000z\000i\000l\000e\000i\000\051}{section.4.5}% 34
\BOOKMARK [2][-]{subsection.4.5.2}{\376\377\000S\000e\000r\000i\000a\000\040\000c\000o\000l\000a\000b\000o\000r\000a\000t\000i\000v\001\003\000\040\000\050\000c\000h\000e\000s\000t\000i\000o\000n\000a\000r\000u\000l\000\040\000z\000i\000l\000e\000i\000\051}{section.4.5}% 35
\BOOKMARK [1][-]{section.4.6}{\376\377\000S\000i\000s\000t\000e\000m\000u\000l\000\040\000d\000e\000\040\000i\000n\000t\000e\000r\000a\000c\002\033\000i\000u\000n\000e\000\040\000s\000o\000c\000i\000a\000l\001\003}{chapter.4}% 36
\BOOKMARK [2][-]{subsection.4.6.1}{\376\377\000R\000e\000l\000a\002\033\000i\000i\000l\000e\000\040\000d\000e\000\040\000p\000r\000i\000e\000t\000e\000n\000i\000e}{section.4.6}% 37
\BOOKMARK [2][-]{subsection.4.6.2}{\376\377\000F\000l\000u\000x\000u\000l\000\040\000d\000e\000\040\000p\000o\000s\000t\001\003\000r\000i}{section.4.6}% 38
\BOOKMARK [2][-]{subsection.4.6.3}{\376\377\000M\000e\000s\000a\000g\000e\000r\000i\000e\000\040\000p\000r\000i\000v\000a\000t\001\003}{section.4.6}% 39
\BOOKMARK [1][-]{section.4.7}{\376\377\000S\000i\000s\000t\000e\000m\000u\000l\000\040\000d\000e\000\040\000m\000o\000d\000e\000r\000a\000r\000e\000\040\000a\000\040\000c\000o\000n\002\033\000i\000n\000u\000t\000u\000l\000u\000i}{chapter.4}% 40
\BOOKMARK [2][-]{subsection.4.7.1}{\376\377\000M\000e\000c\000a\000n\000i\000s\000m\000u\000l\000\040\000d\000e\000\040\000r\000a\000p\000o\000r\000t\000a\000r\000e\000\040\002\031\000i\000\040\000s\000o\000l\000u\002\033\000i\000o\000n\000a\000r\000e}{section.4.7}% 41
\BOOKMARK [2][-]{subsection.4.7.2}{\376\377\000G\000e\000s\000t\000i\000o\000n\000a\000r\000e\000a\000\040\000d\000r\000e\000p\000t\000u\000r\000i\000l\000o\000r\000\040\000d\000e\000\040\000a\000c\000c\000e\000s}{section.4.7}% 42
\BOOKMARK [0][-]{chapter.5}{\376\377\000C\000o\000n\000c\000l\000u\000z\000i\000i}{}% 43
\BOOKMARK [0][-]{chapter*.2}{\376\377\000B\000i\000b\000l\000i\000o\000g\000r\000a\000f\000i\000e}{}% 44
